Removed Pin From Net: NetName=GND Pin=A8-2
Removed Pin From Net: NetName=GND Pin=A8-2
Removed Pin From Net: NetName=GND Pin=A8-2
Removed Pin From Net: NetName=GND Pin=A8-2
Removed Pin From Net: NetName=GND Pin=A9-2
Removed Pin From Net: NetName=GND Pin=A9-2
Removed Pin From Net: NetName=GND Pin=A9-2
Removed Pin From Net: NetName=GND Pin=A9-2
Removed Pin From Net: NetName=GND Pin=A10-2
Removed Pin From Net: NetName=GND Pin=A10-2
Removed Pin From Net: NetName=GND Pin=A10-2
Removed Pin From Net: NetName=GND Pin=A10-2
Removed Pin From Net: NetName=GND Pin=A11-2
Removed Pin From Net: NetName=GND Pin=A11-2
Removed Pin From Net: NetName=GND Pin=A11-2
Removed Pin From Net: NetName=GND Pin=A11-2
Removed Pin From Net: NetName=GND Pin=A12-2
Removed Pin From Net: NetName=GND Pin=A12-2
Removed Pin From Net: NetName=GND Pin=A12-2
Removed Pin From Net: NetName=GND Pin=A12-2
Removed Pin From Net: NetName=GND Pin=A13-2
Removed Pin From Net: NetName=GND Pin=A13-2
Removed Pin From Net: NetName=GND Pin=A13-2
Removed Pin From Net: NetName=GND Pin=A13-2
Removed Pin From Net: NetName=GND Pin=A14-2
Removed Pin From Net: NetName=GND Pin=A14-2
Removed Pin From Net: NetName=GND Pin=A14-2
Removed Pin From Net: NetName=GND Pin=A14-2
Removed Pin From Net: NetName=GND Pin=A15-2
Removed Pin From Net: NetName=GND Pin=A15-2
Removed Pin From Net: NetName=GND Pin=A15-2
Removed Pin From Net: NetName=GND Pin=A15-2
Removed Pin From Net: NetName=GND Pin=A16-2
Removed Pin From Net: NetName=GND Pin=A16-2
Removed Pin From Net: NetName=GND Pin=A16-2
Removed Pin From Net: NetName=GND Pin=A16-2
Removed Pin From Net: NetName=GND Pin=A17-2
Removed Pin From Net: NetName=GND Pin=A17-2
Removed Pin From Net: NetName=GND Pin=A17-2
Removed Pin From Net: NetName=GND Pin=A17-2
Removed Pin From Net: NetName=GND Pin=A18-2
Removed Pin From Net: NetName=GND Pin=A18-2
Removed Pin From Net: NetName=GND Pin=A18-2
Removed Pin From Net: NetName=GND Pin=A18-2
Removed Pin From Net: NetName=GND Pin=A19-2
Removed Pin From Net: NetName=GND Pin=A19-2
Removed Pin From Net: NetName=GND Pin=A19-2
Removed Pin From Net: NetName=GND Pin=A19-2
Removed Pin From Net: NetName=GND Pin=A20-2
Removed Pin From Net: NetName=GND Pin=A20-2
Removed Pin From Net: NetName=GND Pin=A20-2
Removed Pin From Net: NetName=GND Pin=A20-2
Removed Pin From Net: NetName=GND Pin=A21-2
Removed Pin From Net: NetName=GND Pin=A21-2
Removed Pin From Net: NetName=GND Pin=A21-2
Removed Pin From Net: NetName=GND Pin=A21-2
Removed Pin From Net: NetName=GND Pin=A22-2
Removed Pin From Net: NetName=GND Pin=A22-2
Removed Pin From Net: NetName=GND Pin=A22-2
Removed Pin From Net: NetName=GND Pin=A22-2
Removed Pin From Net: NetName=GND Pin=A23-2
Removed Pin From Net: NetName=GND Pin=A23-2
Removed Pin From Net: NetName=GND Pin=A23-2
Removed Pin From Net: NetName=GND Pin=A23-2
Removed Pin From Net: NetName=GND Pin=A24-2
Removed Pin From Net: NetName=GND Pin=A24-2
Removed Pin From Net: NetName=GND Pin=A24-2
Removed Pin From Net: NetName=GND Pin=A24-2
Removed Pin From Net: NetName=GND Pin=A25-2
Removed Pin From Net: NetName=GND Pin=A25-2
Removed Pin From Net: NetName=GND Pin=A25-2
Removed Pin From Net: NetName=GND Pin=A25-2
Removed Pin From Net: NetName=GND Pin=A26-2
Removed Pin From Net: NetName=GND Pin=A26-2
Removed Pin From Net: NetName=GND Pin=A26-2
Removed Pin From Net: NetName=GND Pin=A26-2
Removed Pin From Net: NetName=GND Pin=A27-2
Removed Pin From Net: NetName=GND Pin=A27-2
Removed Pin From Net: NetName=GND Pin=A27-2
Removed Pin From Net: NetName=GND Pin=A27-2
Removed Pin From Net: NetName=GND Pin=A28-2
Removed Pin From Net: NetName=GND Pin=A28-2
Removed Pin From Net: NetName=GND Pin=A28-2
Removed Pin From Net: NetName=GND Pin=A28-2
Removed Pin From Net: NetName=GND Pin=A29-2
Removed Pin From Net: NetName=GND Pin=A29-2
Removed Pin From Net: NetName=GND Pin=A29-2
Removed Pin From Net: NetName=GND Pin=A29-2
Removed Pin From Net: NetName=GND Pin=A30-2
Removed Pin From Net: NetName=GND Pin=A30-2
Removed Pin From Net: NetName=GND Pin=A30-2
Removed Pin From Net: NetName=GND Pin=A30-2
Removed Pin From Net: NetName=GND Pin=A31-2
Removed Pin From Net: NetName=GND Pin=A31-2
Removed Pin From Net: NetName=GND Pin=A31-2
Removed Pin From Net: NetName=GND Pin=A31-2
Removed Pin From Net: NetName=GND Pin=AISENSE-2
Removed Pin From Net: NetName=GND Pin=AISENSE-2
Removed Pin From Net: NetName=GND Pin=AISENSE-2
Removed Pin From Net: NetName=GND Pin=AISENSE-2
Removed Pin From Net: NetName=GND Pin=DO0-2
Removed Pin From Net: NetName=GND Pin=DO0-2
Removed Pin From Net: NetName=GND Pin=DO0-2
Removed Pin From Net: NetName=GND Pin=DO0-2
Removed Pin From Net: NetName=GND Pin=J41-10
Removed Pin From Net: NetName=GND Pin=J41-29
Removed Pin From Net: NetName=GND Pin=J41-38
Removed Pin From Net: NetName=GND Pin=J41-39
Removed Member From Class: ClassName=Sheet1 Member=A8
Removed Member From Class: ClassName=Sheet1 Member=A9
Removed Member From Class: ClassName=Sheet1 Member=A10
Removed Member From Class: ClassName=Sheet1 Member=A11
Removed Member From Class: ClassName=Sheet1 Member=A12
Removed Member From Class: ClassName=Sheet1 Member=A13
Removed Member From Class: ClassName=Sheet1 Member=A14
Removed Member From Class: ClassName=Sheet1 Member=A15
Removed Member From Class: ClassName=Sheet1 Member=A16
Removed Member From Class: ClassName=Sheet1 Member=A17
Removed Member From Class: ClassName=Sheet1 Member=A18
Removed Member From Class: ClassName=Sheet1 Member=A19
Removed Member From Class: ClassName=Sheet1 Member=A20
Removed Member From Class: ClassName=Sheet1 Member=A21
Removed Member From Class: ClassName=Sheet1 Member=A22
Removed Member From Class: ClassName=Sheet1 Member=A23
Removed Member From Class: ClassName=Sheet1 Member=A24
Removed Member From Class: ClassName=Sheet1 Member=A25
Removed Member From Class: ClassName=Sheet1 Member=A26
Removed Member From Class: ClassName=Sheet1 Member=A27
Removed Member From Class: ClassName=Sheet1 Member=A28
Removed Member From Class: ClassName=Sheet1 Member=A29
Removed Member From Class: ClassName=Sheet1 Member=A30
Removed Member From Class: ClassName=Sheet1 Member=A31
Removed Member From Class: ClassName=Sheet1 Member=AISENSE
Removed Member From Class: ClassName=Sheet1 Member=DO0
Removed Member From Class: ClassName=Sheet1 Member=J41
Change Component Designator: OldDesignator=A0 NewDesignator=DIO0
Change Component Designator: OldDesignator=A1 NewDesignator=DIO1
Change Component Designator: OldDesignator=A2 NewDesignator=DIO2
Change Component Designator: OldDesignator=A3 NewDesignator=DIO3
Change Component Designator: OldDesignator=A4 NewDesignator=DIO4
Change Component Designator: OldDesignator=A5 NewDesignator=DIO5
Change Component Designator: OldDesignator=A6 NewDesignator=DIO6
Change Component Designator: OldDesignator=A7 NewDesignator=DIO7
Change Component Designator: OldDesignator=PFIO NewDesignator=NC
Added Pin To Net: NetName=GND Pin=J?-1
Added Pin To Net: NetName=GND Pin=J?-3
Added Pin To Net: NetName=GND Pin=J?-4
Added Pin To Net: NetName=GND Pin=J?-6
Added Pin To Net: NetName=GND Pin=J?-7
Added Pin To Net: NetName=GND Pin=J?-9
Added Pin To Net: NetName=GND Pin=J?-10
Added Pin To Net: NetName=GND Pin=J?-12
Added Pin To Net: NetName=GND Pin=J?-13
Added Pin To Net: NetName=GND Pin=J?-26
Added Pin To Net: NetName=GND Pin=J?-27
Added Pin To Net: NetName=\ Pin=J?-2
Added Pin To Net: NetName=\ Pin=J?-5
Added Pin To Net: NetName=\ Pin=J?-8
Added Pin To Net: NetName=\ Pin=J?-11
Added Pin To Net: NetName=\ Pin=J?-15
Added Pin To Net: NetName=\ Pin=J?-18
Added Pin To Net: NetName=\ Pin=J?-21
Added Pin To Net: NetName=\ Pin=J?-24
Added Pin To Net: NetName=\ Pin=NC-1
Added Net: Name=\
Added Pin To Net: NetName=DIO0 Pin=DIO0-1
Added Pin To Net: NetName=DIO0 Pin=J?-14
Added Net: Name=DIO0
Added Pin To Net: NetName=DIO1 Pin=DIO1-1
Added Pin To Net: NetName=DIO1 Pin=J?-16
Added Net: Name=DIO1
Added Pin To Net: NetName=DIO2 Pin=DIO2-1
Added Pin To Net: NetName=DIO2 Pin=J?-17
Added Net: Name=DIO2
Added Pin To Net: NetName=DIO3 Pin=DIO3-1
Added Pin To Net: NetName=DIO3 Pin=J?-19
Added Net: Name=DIO3
Added Pin To Net: NetName=DIO4 Pin=DIO4-1
Added Pin To Net: NetName=DIO4 Pin=J?-20
Added Net: Name=DIO4
Added Pin To Net: NetName=DIO5 Pin=DIO5-1
Added Pin To Net: NetName=DIO5 Pin=J?-22
Added Net: Name=DIO5
Added Pin To Net: NetName=DIO6 Pin=DIO6-1
Added Pin To Net: NetName=DIO6 Pin=J?-23
Added Net: Name=DIO6
Added Pin To Net: NetName=DIO7 Pin=DIO7-1
Added Pin To Net: NetName=DIO7 Pin=J?-25
Added Net: Name=DIO7
Added Room: Name=Sheet1
