Change Component Designator: OldDesignator=J1 NewDesignator=A0
Change Component Designator: OldDesignator=J2 NewDesignator=A1
Change Component Designator: OldDesignator=J3 NewDesignator=A2
Change Component Designator: OldDesignator=J4 NewDesignator=A3
Change Component Designator: OldDesignator=J5 NewDesignator=A4
Change Component Designator: OldDesignator=J6 NewDesignator=A5
Change Component Designator: OldDesignator=J7 NewDesignator=A6
Change Component Designator: OldDesignator=J8 NewDesignator=A7
Change Component Designator: OldDesignator=J9 NewDesignator=A8
Change Component Designator: OldDesignator=J10 NewDesignator=A9
Change Component Designator: OldDesignator=J11 NewDesignator=A10
Change Component Designator: OldDesignator=J12 NewDesignator=A11
Change Component Designator: OldDesignator=J13 NewDesignator=A12
Change Component Designator: OldDesignator=J14 NewDesignator=A13
Change Component Designator: OldDesignator=J15 NewDesignator=A14
Change Component Designator: OldDesignator=J16 NewDesignator=A15
Change Component Designator: OldDesignator=J17 NewDesignator=A16
Change Component Designator: OldDesignator=J18 NewDesignator=A17
Change Component Designator: OldDesignator=J19 NewDesignator=A18
Change Component Designator: OldDesignator=J20 NewDesignator=A19
Change Component Designator: OldDesignator=J21 NewDesignator=A20
Change Component Designator: OldDesignator=J22 NewDesignator=A21
Change Component Designator: OldDesignator=J23 NewDesignator=A22
Change Component Designator: OldDesignator=J24 NewDesignator=A23
Change Component Designator: OldDesignator=J25 NewDesignator=A24
Change Component Designator: OldDesignator=J26 NewDesignator=A25
Change Component Designator: OldDesignator=J27 NewDesignator=A26
Change Component Designator: OldDesignator=J28 NewDesignator=A27
Change Component Designator: OldDesignator=J29 NewDesignator=A28
Change Component Designator: OldDesignator=J30 NewDesignator=A29
Change Component Designator: OldDesignator=J31 NewDesignator=A30
Change Component Designator: OldDesignator=J32 NewDesignator=A31
Change Component Designator: OldDesignator=J33 NewDesignator=GND
Change Component Designator: OldDesignator=J34 NewDesignator=PFIO
Change Component Designator: OldDesignator=J35 NewDesignator=DO0
Change Component Designator: OldDesignator=J36 NewDesignator=AISENSE
Added Room: Name=Sheet1
