Added Component: Designator=J?(NORCOMP_172-025-242R011)
Add component. Clean all parameters for all variants
Add component (AddParameter): Name = "Author"; Value = "CERN DEM JLC"; VariantName = "[No Variations]"
Add component (AddParameter): Name = "ComponentHeight"; Value = "12.08mm"; VariantName = "[No Variations]"
Add component (AddParameter): Name = "Component Type"; Value = "Standard"; VariantName = "[No Variations]"
Add component (AddParameter): Name = "CreateDate"; Value = "13/06/2013"; VariantName = "[No Variations]"
Add component (AddParameter): Name = "Family"; Value = "D-SUB25F"; VariantName = "[No Variations]"
Add component (AddParameter): Name = "HelpURL"; Value = "\\cern.ch\dfs\Applications\Altium\Datasheets\NORCOMP_172-025-242R011.pdf"; VariantName = "[No Variations]"
Add component (AddParameter): Name = "LatestRevisionDate"; Value = "13/06/2013"; VariantName = "[No Variations]"
Add component (AddParameter): Name = "Manufacturer"; Value = "NORCOMP"; VariantName = "[No Variations]"
Add component (AddParameter): Name = "Manufacturer Part Number"; Value = "172-025-242R011"; VariantName = "[No Variations]"
Add component (AddParameter): Name = "Mounted"; Value = "Yes"; VariantName = "[No Variations]"
Add component (AddParameter): Name = "Part Description"; Value = "Straight Wire Wrap D-Sub 25 Contacts Female Connector With 0.065"Clinch Nut (Board Side)"; VariantName = "[No Variations]"
Add component (AddParameter): Name = "Part Number"; Value = "NORCOMP_172-025-242R011"; VariantName = "[No Variations]"
Add component (AddParameter): Name = "Pin Count"; Value = "27"; VariantName = "[No Variations]"
Add component (AddParameter): Name = "PressFit"; Value = "No"; VariantName = "[No Variations]"
Add component (AddParameter): Name = "Sense"; Value = "No"; VariantName = "[No Variations]"
Add component (AddParameter): Name = "SMD"; Value = "No"; VariantName = "[No Variations]"
Add component (AddParameter): Name = "Socket"; Value = "No"; VariantName = "[No Variations]"
Add component (AddParameter): Name = "Status"; Value = "None"; VariantName = "[No Variations]"
Added Member To Class: ClassName=Sheet1 Member=Component J? D-SUB25F
Added Room: Name=Sheet1
