This is pdfTeX, Version 3.14159265-2.6-1.40.18 (TeX Live 2017/Debian) (preloaded format=pdflatex 2019.8.17)  22 AUG 2019 12:12
entering extended mode
 restricted \write18 enabled.
 %&-line parsing enabled.
**summary.tex
(./summary.tex
LaTeX2e <2017-04-15>
Babel <3.18> and hyphenation patterns for 7 language(s) loaded.
(/usr/share/texlive/texmf-dist/tex/latex/base/article.cls
Document Class: article 2014/09/29 v1.4h Standard LaTeX document class
(/usr/share/texlive/texmf-dist/tex/latex/base/size12.clo
File: size12.clo 2014/09/29 v1.4h Standard LaTeX file (size option)
)
\c@part=\count79
\c@section=\count80
\c@subsection=\count81
\c@subsubsection=\count82
\c@paragraph=\count83
\c@subparagraph=\count84
\c@figure=\count85
\c@table=\count86
\abovecaptionskip=\skip41
\belowcaptionskip=\skip42
\bibindent=\dimen102
)
(/usr/share/texlive/texmf-dist/tex/latex/hyperref/hyperref.sty
Package: hyperref 2018/02/06 v6.86b Hypertext links for LaTeX

(/usr/share/texlive/texmf-dist/tex/generic/oberdiek/hobsub-hyperref.sty
Package: hobsub-hyperref 2016/05/16 v1.14 Bundle oberdiek, subset hyperref (HO)


(/usr/share/texlive/texmf-dist/tex/generic/oberdiek/hobsub-generic.sty
Package: hobsub-generic 2016/05/16 v1.14 Bundle oberdiek, subset generic (HO)
Package: hobsub 2016/05/16 v1.14 Construct package bundles (HO)
Package: infwarerr 2016/05/16 v1.4 Providing info/warning/error messages (HO)
Package: ltxcmds 2016/05/16 v1.23 LaTeX kernel commands for general use (HO)
Package: ifluatex 2016/05/16 v1.4 Provides the ifluatex switch (HO)
Package ifluatex Info: LuaTeX not detected.
Package: ifvtex 2016/05/16 v1.6 Detect VTeX and its facilities (HO)
Package ifvtex Info: VTeX not detected.
Package: intcalc 2016/05/16 v1.2 Expandable calculations with integers (HO)
Package: ifpdf 2017/03/15 v3.2 Provides the ifpdf switch
Package: etexcmds 2016/05/16 v1.6 Avoid name clashes with e-TeX commands (HO)
Package etexcmds Info: Could not find \expanded.
(etexcmds)             That can mean that you are not using pdfTeX 1.50 or
(etexcmds)             that some package has redefined \expanded.
(etexcmds)             In the latter case, load this package earlier.
Package: kvsetkeys 2016/05/16 v1.17 Key value parser (HO)
Package: kvdefinekeys 2016/05/16 v1.4 Define keys (HO)
Package: pdftexcmds 2018/01/21 v0.26 Utility functions of pdfTeX for LuaTeX (HO
)
Package pdftexcmds Info: LuaTeX not detected.
Package pdftexcmds Info: \pdf@primitive is available.
Package pdftexcmds Info: \pdf@ifprimitive is available.
Package pdftexcmds Info: \pdfdraftmode found.
Package: pdfescape 2016/05/16 v1.14 Implements pdfTeX's escape features (HO)
Package: bigintcalc 2016/05/16 v1.4 Expandable calculations on big integers (HO
)
Package: bitset 2016/05/16 v1.2 Handle bit-vector datatype (HO)
Package: uniquecounter 2016/05/16 v1.3 Provide unlimited unique counter (HO)
)
Package hobsub Info: Skipping package `hobsub' (already loaded).
Package: letltxmacro 2016/05/16 v1.5 Let assignment for LaTeX macros (HO)
Package: hopatch 2016/05/16 v1.3 Wrapper for package hooks (HO)
Package: xcolor-patch 2016/05/16 xcolor patch
Package: atveryend 2016/05/16 v1.9 Hooks at the very end of document (HO)
Package atveryend Info: \enddocument detected (standard20110627).
Package: atbegshi 2016/06/09 v1.18 At begin shipout hook (HO)
Package: refcount 2016/05/16 v3.5 Data extraction from label references (HO)
Package: hycolor 2016/05/16 v1.8 Color options for hyperref/bookmark (HO)
)
(/usr/share/texlive/texmf-dist/tex/latex/graphics/keyval.sty
Package: keyval 2014/10/28 v1.15 key=value parser (DPC)
\KV@toks@=\toks14
)
(/usr/share/texlive/texmf-dist/tex/generic/ifxetex/ifxetex.sty
Package: ifxetex 2010/09/12 v0.6 Provides ifxetex conditional
)
(/usr/share/texlive/texmf-dist/tex/latex/oberdiek/auxhook.sty
Package: auxhook 2016/05/16 v1.4 Hooks for auxiliary files (HO)
)
(/usr/share/texlive/texmf-dist/tex/latex/oberdiek/kvoptions.sty
Package: kvoptions 2016/05/16 v3.12 Key value format for package options (HO)
)
\@linkdim=\dimen103
\Hy@linkcounter=\count87
\Hy@pagecounter=\count88

(/usr/share/texlive/texmf-dist/tex/latex/hyperref/pd1enc.def
File: pd1enc.def 2018/02/06 v6.86b Hyperref: PDFDocEncoding definition (HO)
)
\Hy@SavedSpaceFactor=\count89

(/usr/share/texlive/texmf-dist/tex/latex/latexconfig/hyperref.cfg
File: hyperref.cfg 2002/06/06 v1.2 hyperref configuration of TeXLive
)
Package hyperref Info: Hyper figures OFF on input line 4509.
Package hyperref Info: Link nesting OFF on input line 4514.
Package hyperref Info: Hyper index ON on input line 4517.
Package hyperref Info: Plain pages OFF on input line 4524.
Package hyperref Info: Backreferencing OFF on input line 4529.
Package hyperref Info: Implicit mode ON; LaTeX internals redefined.
Package hyperref Info: Bookmarks ON on input line 4762.
\c@Hy@tempcnt=\count90

(/usr/share/texlive/texmf-dist/tex/latex/url/url.sty
\Urlmuskip=\muskip10
Package: url 2013/09/16  ver 3.4  Verb mode for urls, etc.
)
LaTeX Info: Redefining \url on input line 5115.
\XeTeXLinkMargin=\dimen104
\Fld@menulength=\count91
\Field@Width=\dimen105
\Fld@charsize=\dimen106
Package hyperref Info: Hyper figures OFF on input line 6369.
Package hyperref Info: Link nesting OFF on input line 6374.
Package hyperref Info: Hyper index ON on input line 6377.
Package hyperref Info: backreferencing OFF on input line 6384.
Package hyperref Info: Link coloring OFF on input line 6389.
Package hyperref Info: Link coloring with OCG OFF on input line 6394.
Package hyperref Info: PDF/A mode OFF on input line 6399.
LaTeX Info: Redefining \ref on input line 6439.
LaTeX Info: Redefining \pageref on input line 6443.
\Hy@abspage=\count92
\c@Item=\count93
\c@Hfootnote=\count94
)
Package hyperref Info: Driver (autodetected): hpdftex.

(/usr/share/texlive/texmf-dist/tex/latex/hyperref/hpdftex.def
File: hpdftex.def 2018/02/06 v6.86b Hyperref driver for pdfTeX
\Fld@listcount=\count95
\c@bookmark@seq@number=\count96

(/usr/share/texlive/texmf-dist/tex/latex/oberdiek/rerunfilecheck.sty
Package: rerunfilecheck 2016/05/16 v1.8 Rerun checks for auxiliary files (HO)
Package uniquecounter Info: New unique counter `rerunfilecheck' on input line 2
82.
)
\Hy@SectionHShift=\skip43
)
(/usr/share/texlive/texmf-dist/tex/latex/graphics/graphicx.sty
Package: graphicx 2017/06/01 v1.1a Enhanced LaTeX Graphics (DPC,SPQR)

(/usr/share/texlive/texmf-dist/tex/latex/graphics/graphics.sty
Package: graphics 2017/06/25 v1.2c Standard LaTeX Graphics (DPC,SPQR)

(/usr/share/texlive/texmf-dist/tex/latex/graphics/trig.sty
Package: trig 2016/01/03 v1.10 sin cos tan (DPC)
)
(/usr/share/texlive/texmf-dist/tex/latex/graphics-cfg/graphics.cfg
File: graphics.cfg 2016/06/04 v1.11 sample graphics configuration
)
Package graphics Info: Driver file: pdftex.def on input line 99.

(/usr/share/texlive/texmf-dist/tex/latex/graphics-def/pdftex.def
File: pdftex.def 2018/01/08 v1.0l Graphics/color driver for pdftex
))
\Gin@req@height=\dimen107
\Gin@req@width=\dimen108
)
(./summary.aux)
\openout1 = `summary.aux'.

LaTeX Font Info:    Checking defaults for OML/cmm/m/it on input line 4.
LaTeX Font Info:    ... okay on input line 4.
LaTeX Font Info:    Checking defaults for T1/cmr/m/n on input line 4.
LaTeX Font Info:    ... okay on input line 4.
LaTeX Font Info:    Checking defaults for OT1/cmr/m/n on input line 4.
LaTeX Font Info:    ... okay on input line 4.
LaTeX Font Info:    Checking defaults for OMS/cmsy/m/n on input line 4.
LaTeX Font Info:    ... okay on input line 4.
LaTeX Font Info:    Checking defaults for OMX/cmex/m/n on input line 4.
LaTeX Font Info:    ... okay on input line 4.
LaTeX Font Info:    Checking defaults for U/cmr/m/n on input line 4.
LaTeX Font Info:    ... okay on input line 4.
LaTeX Font Info:    Checking defaults for PD1/pdf/m/n on input line 4.
LaTeX Font Info:    ... okay on input line 4.
\AtBeginShipoutBox=\box26
Package hyperref Info: Link coloring OFF on input line 4.
 (/usr/share/texlive/texmf-dist/tex/latex/hyperref/nameref.sty
Package: nameref 2016/05/21 v2.44 Cross-referencing by name of section

(/usr/share/texlive/texmf-dist/tex/generic/oberdiek/gettitlestring.sty
Package: gettitlestring 2016/05/16 v1.5 Cleanup title references (HO)
)
\c@section@level=\count97
)
LaTeX Info: Redefining \ref on input line 4.
LaTeX Info: Redefining \pageref on input line 4.
LaTeX Info: Redefining \nameref on input line 4.

(./summary.out) (./summary.out)
\@outlinefile=\write3
\openout3 = `summary.out'.


(/usr/share/texlive/texmf-dist/tex/context/base/mkii/supp-pdf.mkii
[Loading MPS to PDF converter (version 2006.09.02).]
\scratchcounter=\count98
\scratchdimen=\dimen109
\scratchbox=\box27
\nofMPsegments=\count99
\nofMParguments=\count100
\everyMPshowfont=\toks15
\MPscratchCnt=\count101
\MPscratchDim=\dimen110
\MPnumerator=\count102
\makeMPintoPDFobject=\count103
\everyMPtoPDFconversion=\toks16
) (/usr/share/texlive/texmf-dist/tex/latex/oberdiek/epstopdf-base.sty
Package: epstopdf-base 2016/05/15 v2.6 Base part for package epstopdf

(/usr/share/texlive/texmf-dist/tex/latex/oberdiek/grfext.sty
Package: grfext 2016/05/16 v1.2 Manage graphics extensions (HO)
)
Package epstopdf-base Info: Redefining graphics rule for `.eps' on input line 4
38.
Package grfext Info: Graphics extension search list:
(grfext)             [.pdf,.png,.jpg,.mps,.jpeg,.jbig2,.jb2,.PDF,.PNG,.JPG,.JPE
G,.JBIG2,.JB2,.eps]
(grfext)             \AppendGraphicsExtensions on input line 456.

(/usr/share/texlive/texmf-dist/tex/latex/latexconfig/epstopdf-sys.cfg
File: epstopdf-sys.cfg 2010/07/13 v1.3 Configuration of (r)epstopdf for TeX Liv
e
))
<cern.jpg, id=96, 603.25375pt x 602.25pt>
File: cern.jpg Graphic file (type jpg)
<use cern.jpg>
Package pdftex.def Info: cern.jpg  used on input line 7.
(pdftex.def)             Requested size: 58.49762pt x 58.3998pt.
<Alpha.png, id=97, 475.5366pt x 471.2004pt>
File: Alpha.png Graphic file (type png)
<use Alpha.png>
Package pdftex.def Info: Alpha.png  used on input line 8.
(pdftex.def)             Requested size: 58.49762pt x 57.95802pt.
LaTeX Font Info:    External font `cmex10' loaded for size
(Font)              <20.74> on input line 11.
LaTeX Font Info:    External font `cmex10' loaded for size
(Font)              <14.4> on input line 11.
LaTeX Font Info:    External font `cmex10' loaded for size
(Font)              <12> on input line 11.
LaTeX Font Info:    External font `cmex10' loaded for size
(Font)              <7> on input line 11.
LaTeX Font Info:    External font `cmex10' loaded for size
(Font)              <5> on input line 11.

[1

{/var/lib/texmf/fonts/map/pdftex/updmap/pdftex.map} <./cern.jpg> <./Alpha.png>]
 (./summary.toc
LaTeX Font Info:    External font `cmex10' loaded for size
(Font)              <8> on input line 2.
LaTeX Font Info:    External font `cmex10' loaded for size
(Font)              <6> on input line 2.
)
\tf@toc=\write4
\openout4 = `summary.toc'.

pdfTeX warning (ext4): destination with the same identifier (name{page.1}) has 
been already used, duplicate ignored
<to be read again> 
                   \relax 
l.36 \newpage
              [1]
<antimatter_factory.jpg, id=144, 4175.6pt x 3131.7pt>
File: antimatter_factory.jpg Graphic file (type jpg)
<use antimatter_factory.jpg>
Package pdftex.def Info: antimatter_factory.jpg  used on input line 44.
(pdftex.def)             Requested size: 170.71652pt x 128.01823pt.
<alpha_hall.jpg, id=145, 4175.6pt x 3131.7pt>
File: alpha_hall.jpg Graphic file (type jpg)
<use alpha_hall.jpg>
Package pdftex.def Info: alpha_hall.jpg  used on input line 46.
(pdftex.def)             Requested size: 170.71652pt x 128.01823pt.
<full_map.png, id=147, 3854.4pt x 1754.555pt>
File: full_map.png Graphic file (type png)
<use full_map.png>
Package pdftex.def Info: full_map.png  used on input line 55.
(pdftex.def)             Requested size: 346.88104pt x 157.90314pt.
 [2 <./antimatter_factory.jpg> <./alpha_hall.jpg> <./full_map.png>]
<magnets-trap.jpg, id=155, 433.62pt x 297.7524pt>
File: magnets-trap.jpg Graphic file (type jpg)
<use magnets-trap.jpg>
Package pdftex.def Info: magnets-trap.jpg  used on input line 68.
(pdftex.def)             Requested size: 173.44492pt x 119.09885pt.
<magnet.jpg, id=156, 301.125pt x 225.84375pt>
File: magnet.jpg Graphic file (type jpg)
<use magnet.jpg>
Package pdftex.def Info: magnet.jpg  used on input line 70.
(pdftex.def)             Requested size: 156.58589pt x 117.4394pt.
 [3 <./magnets-trap.jpg> <./magnet.jpg>]
<detector.png, id=162, 429.605pt x 453.695pt>
File: detector.png Graphic file (type png)
<use detector.png>
Package pdftex.def Info: detector.png  used on input line 80.
(pdftex.def)             Requested size: 171.83894pt x 181.47478pt.
<detector-2.png, id=163, 426.59375pt x 450.68375pt>
File: detector-2.png Graphic file (type png)
<use detector-2.png>
Package pdftex.def Info: detector-2.png  used on input line 82.
(pdftex.def)             Requested size: 170.63446pt x 180.2703pt.
Missing character: There is no â in font cmr12!
Missing character: There is no € in font cmr12!
Missing character: There is no ™ in font cmr12!
 [4 <./detector.png> <./detector-2.png>]
<penning-trap-figure.png, id=175, 601.24625pt x 610.28pt>
File: penning-trap-figure.png Graphic file (type png)
<use penning-trap-figure.png>
Package pdftex.def Info: penning-trap-figure.png  used on input line 95.
(pdftex.def)             Requested size: 240.49423pt x 244.10767pt.
<Mesh.PNG, id=176, 853.68938pt x 651.93562pt>
File: Mesh.PNG Graphic file (type png)
<use Mesh.PNG>
Package pdftex.def Info: Mesh.PNG  used on input line 104.
(pdftex.def)             Requested size: 256.1088pt x 195.58218pt.


LaTeX Warning: `h' float specifier changed to `ht'.

[5 <./penning-trap-figure.png>]
<potential.png, id=186, 715.17188pt x 547.2947pt>
File: potential.png Graphic file (type png)
<use potential.png>
Package pdftex.def Info: potential.png  used on input line 118.
(pdftex.def)             Requested size: 312.98514pt x 85.35591pt.
<potential-3D.png, id=187, 873.2625pt x 645.16031pt>
File: potential-3D.png Graphic file (type png)
<use potential-3D.png>
Package pdftex.def Info: potential-3D.png  used on input line 119.
(pdftex.def)             Requested size: 227.61586pt x 113.81041pt.


LaTeX Warning: `h' float specifier changed to `ht'.

[6 <./Mesh.PNG>]
<sim-in-6000.png, id=197, 478.4274pt x 303.534pt>
File: sim-in-6000.png Graphic file (type png)
<use sim-in-6000.png>
Package pdftex.def Info: sim-in-6000.png  used on input line 131.
(pdftex.def)             Requested size: 142.25908pt x 142.26268pt.
<sim-std-6000.png, id=198, 478.4274pt x 303.534pt>
File: sim-std-6000.png Graphic file (type png)
<use sim-std-6000.png>
Package pdftex.def Info: sim-std-6000.png  used on input line 132.
(pdftex.def)             Requested size: 142.25908pt x 142.26268pt.


LaTeX Warning: `!h' float specifier changed to `!ht'.

[7 <./potential.png (PNG copy)> <./potential-3D.png>]
<sim-in-100-long.png, id=205, 478.4274pt x 303.534pt>
File: sim-in-100-long.png Graphic file (type png)
<use sim-in-100-long.png>
Package pdftex.def Info: sim-in-100-long.png  used on input line 146.
(pdftex.def)             Requested size: 142.25908pt x 142.26268pt.
<sim-std-100-long.png, id=206, 478.4274pt x 303.534pt>
File: sim-std-100-long.png Graphic file (type png)
<use sim-std-100-long.png>
Package pdftex.def Info: sim-std-100-long.png  used on input line 147.
(pdftex.def)             Requested size: 142.25908pt x 142.26268pt.
 [8 <./sim-in-6000.png (PNG copy)> <./sim-std-6000.png (PNG copy)> <./sim-in-10
0-long.png (PNG copy)> <./sim-std-100-long.png (PNG copy)>]
<sim-in-100-11met.png, id=212, 715.17188pt x 547.2947pt>
File: sim-in-100-11met.png Graphic file (type png)
<use sim-in-100-11met.png>
Package pdftex.def Info: sim-in-100-11met.png  used on input line 158.
(pdftex.def)             Requested size: 142.25703pt x 142.25986pt.
<sim-std-100-11met.png, id=213, 715.17188pt x 547.2947pt>
File: sim-std-100-11met.png Graphic file (type png)
<use sim-std-100-11met.png>
Package pdftex.def Info: sim-std-100-11met.png  used on input line 159.
(pdftex.def)             Requested size: 142.25703pt x 142.25986pt.
<potential_buncher.png, id=215, 715.17188pt x 547.2947pt>
File: potential_buncher.png Graphic file (type png)
<use potential_buncher.png>
Package pdftex.def Info: potential_buncher.png  used on input line 168.
(pdftex.def)             Requested size: 312.98514pt x 113.80788pt.
<buncer-in-100V-1Mhz-50Particles.png, id=216, 478.4274pt x 303.534pt>
File: buncer-in-100V-1Mhz-50Particles.png Graphic file (type png)
<use buncer-in-100V-1Mhz-50Particles.png>
Package pdftex.def Info: buncer-in-100V-1Mhz-50Particles.png  used on input lin
e 174.
(pdftex.def)             Requested size: 142.25908pt x 142.26268pt.
<buncer-std-100V-1Mhz-50Particles.png, id=217, 478.4274pt x 303.534pt>
File: buncer-std-100V-1Mhz-50Particles.png Graphic file (type png)
<use buncer-std-100V-1Mhz-50Particles.png>
Package pdftex.def Info: buncer-std-100V-1Mhz-50Particles.png  used on input li
ne 175.
(pdftex.def)             Requested size: 142.25908pt x 142.26268pt.


LaTeX Warning: `h' float specifier changed to `ht'.

[9 <./sim-in-100-11met.png (PNG copy)> <./sim-std-100-11met.png (PNG copy)> <./
potential_buncher.png (PNG copy)>]
<control_room.jpg, id=226, 4175.6pt x 3131.7pt>
File: control_room.jpg Graphic file (type jpg)
<use control_room.jpg>
Package pdftex.def Info: control_room.jpg  used on input line 191.
(pdftex.def)             Requested size: 170.691pt x 170.691pt.
<experiment_hall.jpg, id=227, 4175.6pt x 3131.7pt>
File: experiment_hall.jpg Graphic file (type jpg)
<use experiment_hall.jpg>
Package pdftex.def Info: experiment_hall.jpg  used on input line 192.
(pdftex.def)             Requested size: 170.691pt x 170.691pt.
 [10 <./buncer-in-100V-1Mhz-50Particles.png (PNG copy)> <./buncer-std-100V-1Mhz
-50Particles.png (PNG copy)> <./control_room.jpg> <./experiment_hall.jpg>]
Missing character: There is no â in font cmr12!
Missing character: There is no € in font cmr12!
Missing character: There is no ™ in font cmr12!
<fullsetup.png, id=234, 1213.53375pt x 523.9575pt>
File: fullsetup.png Graphic file (type png)
<use fullsetup.png>
Package pdftex.def Info: fullsetup.png  used on input line 210.
(pdftex.def)             Requested size: 312.9745pt x 113.80792pt.
<control_platform-1.jpg, id=236, 4175.6pt x 3131.7pt>
File: control_platform-1.jpg Graphic file (type jpg)
<use control_platform-1.jpg>
Package pdftex.def Info: control_platform-1.jpg  used on input line 222.
(pdftex.def)             Requested size: 213.37967pt x 170.691pt.
<control_plattform2.jpg, id=237, 3131.7pt x 4175.6pt>
File: control_plattform2.jpg Graphic file (type jpg)
<use control_plattform2.jpg>
Package pdftex.def Info: control_plattform2.jpg  used on input line 223.
(pdftex.def)             Requested size: 128.0374pt x 170.691pt.


LaTeX Warning: `h' float specifier changed to `ht'.

[11 <./fullsetup.png>]
<PCI_8430.jpg, id=244, 1606.0pt x 1204.5pt>
File: PCI_8430.jpg Graphic file (type jpg)
<use PCI_8430.jpg>
Package pdftex.def Info: PCI_8430.jpg  used on input line 232.
(pdftex.def)             Requested size: 113.80379pt x 142.25475pt.
<control_platform.jpg, id=245, 4175.6pt x 3131.7pt>
File: control_platform.jpg Graphic file (type jpg)
<use control_platform.jpg>
Package pdftex.def Info: control_platform.jpg  used on input line 233.
(pdftex.def)             Requested size: 227.588pt x 142.25842pt.
 [12 <./control_platform-1.jpg> <./control_plattform2.jpg> <./PCI_8430.jpg> <./
control_platform.jpg>]
<Block-Diagram.PNG, id=254, 1027.58907pt x 495.35063pt>
File: Block-Diagram.PNG Graphic file (type png)
<use Block-Diagram.PNG>
Package pdftex.def Info: Block-Diagram.PNG  used on input line 245.
(pdftex.def)             Requested size: 297.9932pt x 143.648pt.
<InterFace.PNG, id=255, 1382.16376pt x 928.21782pt>
File: InterFace.PNG Graphic file (type png)
<use InterFace.PNG>
Package pdftex.def Info: InterFace.PNG  used on input line 247.
(pdftex.def)             Requested size: 304.07697pt x 204.20854pt.
 [13 <./Block-Diagram.PNG> <./InterFace.PNG>]
<crio.jpg, id=263, 4175.6pt x 3131.7pt>
File: crio.jpg Graphic file (type jpg)
<use crio.jpg>
Package pdftex.def Info: crio.jpg  used on input line 257.
(pdftex.def)             Requested size: 298.69331pt x 170.691pt.

Overfull \hbox (17.34671pt too wide) in paragraph at lines 263--265
\OT1/cmr/m/n/12 con-nect the D-subminiature con-nec-tor to in-di-vid-ual Lemo C
on-nec-tors. Through-
 []

[14 <./crio.jpg>]
<ni9205.jpg, id=271, 128.73094pt x 191.21437pt>
File: ni9205.jpg Graphic file (type jpg)
<use ni9205.jpg>
Package pdftex.def Info: ni9205.jpg  used on input line 268.
(pdftex.def)             Requested size: 76.82468pt x 68.28568pt.
<ni9264.jpg, id=272, 177.66376pt x 191.21437pt>
File: ni9264.jpg Graphic file (type jpg)
<use ni9264.jpg>
Package pdftex.def Info: ni9264.jpg  used on input line 269.
(pdftex.def)             Requested size: 76.82495pt x 68.28568pt.
<ni9401.jpg, id=273, 401.5pt x 292.09125pt>
File: ni9401.jpg Graphic file (type jpg)
<use ni9401.jpg>
Package pdftex.def Info: ni9401.jpg  used on input line 270.
(pdftex.def)             Requested size: 108.1185pt x 68.28488pt.
<ni9403.jpg, id=274, 198.7425pt x 255.95625pt>
File: ni9403.jpg Graphic file (type jpg)
<use ni9403.jpg>
Package pdftex.def Info: ni9403.jpg  used on input line 271.
(pdftex.def)             Requested size: 68.28723pt x 68.28502pt.
<ni9205_pcb.PNG, id=276, 980.16188pt x 539.01375pt>
File: ni9205_pcb.PNG Graphic file (type png)
<use ni9205_pcb.PNG>
Package pdftex.def Info: ni9205_pcb.PNG  used on input line 282.
(pdftex.def)             Requested size: 142.26192pt x 79.66422pt.
<ni9205panel.PNG, id=277, 603.0028pt x 337.26pt>
File: ni9205panel.PNG Graphic file (type png)
<use ni9205panel.PNG>
Package pdftex.def Info: ni9205panel.PNG  used on input line 284.
(pdftex.def)             Requested size: 142.25774pt x 79.6678pt.
<ni9205_3d.PNG, id=278, 903.375pt x 507.39563pt>
File: ni9205_3d.PNG Graphic file (type png)
<use ni9205_3d.PNG>
Package pdftex.def Info: ni9205_3d.PNG  used on input line 286.
(pdftex.def)             Requested size: 213.3959pt x 105.27101pt.
Missing character: There is no â in font cmr12!
Missing character: There is no € in font cmr12!
Missing character: There is no Œ in font cmr12!
 [15 <./ni9205.jpg> <./ni9264.jpg> <./ni9401.jpg> <./ni9403.jpg> <./ni9205_pcb.
PNG> <./ni9205panel.PNG> <./ni9205_3d.PNG>]
<full-mesh.PNG, id=288, 1018.55531pt x 650.43pt>
File: full-mesh.PNG Graphic file (type png)
<use full-mesh.PNG>
Package pdftex.def Info: full-mesh.PNG  used on input line 298.
(pdftex.def)             Requested size: 407.4149pt x 260.16739pt.

Overfull \hbox (17.4149pt too wide) in paragraph at lines 298--299
 [][] 
 []

[16 <./full-mesh.PNG>]
<full-beam-line-half.PNG, id=295, 1305.37688pt x 529.98pt>
File: full-beam-line-half.PNG Graphic file (type png)
<use full-beam-line-half.PNG>
Package pdftex.def Info: full-beam-line-half.PNG  used on input line 309.
(pdftex.def)             Requested size: 341.42166pt x 113.806pt.
<full-comsol.PNG, id=296, 892.08281pt x 642.14906pt>
File: full-comsol.PNG Graphic file (type png)
<use full-comsol.PNG>
Package pdftex.def Info: full-comsol.PNG  used on input line 311.
(pdftex.def)             Requested size: 341.43155pt x 170.71739pt.

Overfull \hbox (24.23552pt too wide) in paragraph at lines 316--317
\OT1/cmr/m/n/12 upon com-ple-tion(https://research.cs.wisc.edu/htcondor/descrip
tion.html). Linux
 []

[17 <./full-beam-line-half.PNG> <./full-comsol.PNG>]
<lxplus.png, id=305, 1371.1225pt x 770.88pt>
File: lxplus.png Graphic file (type png)
<use lxplus.png>
Package pdftex.def Info: lxplus.png  used on input line 320.
(pdftex.def)             Requested size: 356.48344pt x 200.42407pt.
 [18 <./lxplus.png>]
[19]
Package atveryend Info: Empty hook `BeforeClearDocument' on input line 386.
 [20]
Package atveryend Info: Empty hook `AfterLastShipout' on input line 386.
 (./summary.aux)
Package atveryend Info: Executing hook `AtVeryEndDocument' on input line 386.
Package atveryend Info: Executing hook `AtEndAfterFileList' on input line 386.
Package rerunfilecheck Info: File `summary.out' has not changed.
(rerunfilecheck)             Checksum: E93F08DA9B9EF31747CAC92C7A2191DF;1613.
Package atveryend Info: Empty hook `AtVeryVeryEnd' on input line 386.
 ) 
Here is how much of TeX's memory you used:
 5393 strings out of 494853
 80546 string characters out of 6178458
 153362 words of memory out of 5000000
 8560 multiletter control sequences out of 15000+600000
 10540 words of font info for 37 fonts, out of 8000000 for 9000
 36 hyphenation exceptions out of 8191
 28i,8n,28p,1785b,402s stack positions out of 5000i,500n,10000p,200000b,80000s
</usr/share/texlive/texmf-dist/fonts/type1/public/amsfonts/cm/cmbx12.pfb></us
r/share/texlive/texmf-dist/fonts/type1/public/amsfonts/cm/cmcsc10.pfb></usr/sha
re/texlive/texmf-dist/fonts/type1/public/amsfonts/cm/cmmi12.pfb></usr/share/tex
live/texmf-dist/fonts/type1/public/amsfonts/cm/cmr10.pfb></usr/share/texlive/te
xmf-dist/fonts/type1/public/amsfonts/cm/cmr12.pfb></usr/share/texlive/texmf-dis
t/fonts/type1/public/amsfonts/cm/cmr17.pfb></usr/share/texlive/texmf-dist/fonts
/type1/public/amsfonts/cm/cmr7.pfb></usr/share/texlive/texmf-dist/fonts/type1/p
ublic/amsfonts/cm/cmr8.pfb></usr/share/texlive/texmf-dist/fonts/type1/public/am
sfonts/cm/cmti12.pfb></usr/share/texlive/texmf-dist/fonts/type1/public/amsfonts
/cm/cmtt10.pfb>
Output written on summary.pdf (21 pages, 18851157 bytes).
PDF statistics:
 410 PDF objects out of 1000 (max. 8388607)
 315 compressed objects within 4 object streams
 101 named destinations out of 1000 (max. 500000)
 400 words of extra memory for PDF output out of 10000 (max. 10000000)

