Removed Pin From Net: NetName=GND Pin=A18-2
Removed Pin From Net: NetName=GND Pin=A18-2
Removed Pin From Net: NetName=GND Pin=A18-2
Removed Pin From Net: NetName=GND Pin=A18-2
Removed Pin From Net: NetName=GND Pin=A19-2
Removed Pin From Net: NetName=GND Pin=A19-2
Removed Pin From Net: NetName=GND Pin=A19-2
Removed Pin From Net: NetName=GND Pin=A19-2
Removed Pin From Net: NetName=GND Pin=A20-2
Removed Pin From Net: NetName=GND Pin=A20-2
Removed Pin From Net: NetName=GND Pin=A20-2
Removed Pin From Net: NetName=GND Pin=A20-2
Removed Pin From Net: NetName=GND Pin=A21-2
Removed Pin From Net: NetName=GND Pin=A21-2
Removed Pin From Net: NetName=GND Pin=A21-2
Removed Pin From Net: NetName=GND Pin=A21-2
Removed Pin From Net: NetName=GND Pin=A22-2
Removed Pin From Net: NetName=GND Pin=A22-2
Removed Pin From Net: NetName=GND Pin=A22-2
Removed Pin From Net: NetName=GND Pin=A22-2
Removed Pin From Net: NetName=GND Pin=A23-2
Removed Pin From Net: NetName=GND Pin=A23-2
Removed Pin From Net: NetName=GND Pin=A23-2
Removed Pin From Net: NetName=GND Pin=A23-2
Removed Pin From Net: NetName=GND Pin=A24-2
Removed Pin From Net: NetName=GND Pin=A24-2
Removed Pin From Net: NetName=GND Pin=A24-2
Removed Pin From Net: NetName=GND Pin=A24-2
Removed Pin From Net: NetName=GND Pin=A25-2
Removed Pin From Net: NetName=GND Pin=A25-2
Removed Pin From Net: NetName=GND Pin=A25-2
Removed Pin From Net: NetName=GND Pin=A25-2
Removed Pin From Net: NetName=GND Pin=A26-2
Removed Pin From Net: NetName=GND Pin=A26-2
Removed Pin From Net: NetName=GND Pin=A26-2
Removed Pin From Net: NetName=GND Pin=A26-2
Removed Pin From Net: NetName=GND Pin=A27-2
Removed Pin From Net: NetName=GND Pin=A27-2
Removed Pin From Net: NetName=GND Pin=A27-2
Removed Pin From Net: NetName=GND Pin=A27-2
Removed Pin From Net: NetName=GND Pin=A28-2
Removed Pin From Net: NetName=GND Pin=A28-2
Removed Pin From Net: NetName=GND Pin=A28-2
Removed Pin From Net: NetName=GND Pin=A28-2
Removed Pin From Net: NetName=GND Pin=A29-2
Removed Pin From Net: NetName=GND Pin=A29-2
Removed Pin From Net: NetName=GND Pin=A29-2
Removed Pin From Net: NetName=GND Pin=A29-2
Removed Pin From Net: NetName=GND Pin=A30-2
Removed Pin From Net: NetName=GND Pin=A30-2
Removed Pin From Net: NetName=GND Pin=A30-2
Removed Pin From Net: NetName=GND Pin=A30-2
Removed Pin From Net: NetName=GND Pin=A31-2
Removed Pin From Net: NetName=GND Pin=A31-2
Removed Pin From Net: NetName=GND Pin=A31-2
Removed Pin From Net: NetName=GND Pin=A31-2
Removed Pin From Net: NetName=GND Pin=AISENSE-2
Removed Pin From Net: NetName=GND Pin=AISENSE-2
Removed Pin From Net: NetName=GND Pin=AISENSE-2
Removed Pin From Net: NetName=GND Pin=AISENSE-2
Removed Pin From Net: NetName=GND Pin=DO0-2
Removed Pin From Net: NetName=GND Pin=DO0-2
Removed Pin From Net: NetName=GND Pin=DO0-2
Removed Pin From Net: NetName=GND Pin=DO0-2
Removed Pin From Net: NetName=GND Pin=GND-1
Removed Pin From Net: NetName=GND Pin=GND-2
Removed Pin From Net: NetName=GND Pin=GND-2
Removed Pin From Net: NetName=GND Pin=GND-2
Removed Pin From Net: NetName=GND Pin=GND-2
Removed Pin From Net: NetName=GND Pin=J41-10
Removed Pin From Net: NetName=A8 Pin=J41-20
Removed Pin From Net: NetName=A9 Pin=J41-21
Removed Pin From Net: NetName=A10 Pin=J41-22
Removed Pin From Net: NetName=A11 Pin=J41-23
Removed Pin From Net: NetName=A12 Pin=J41-24
Removed Pin From Net: NetName=A13 Pin=J41-25
Removed Pin From Net: NetName=A14 Pin=J41-26
Removed Pin From Net: NetName=Z15 Pin=J41-27
Removed Pin From Net: NetName=GND Pin=J41-29
Removed Pin From Net: NetName=GND Pin=PFIO-2
Removed Pin From Net: NetName=GND Pin=PFIO-2
Removed Pin From Net: NetName=GND Pin=PFIO-2
Removed Pin From Net: NetName=GND Pin=PFIO-2
Removed Member From Class: ClassName=Sheet1 Member=A18
Removed Member From Class: ClassName=Sheet1 Member=A19
Removed Member From Class: ClassName=Sheet1 Member=A20
Removed Member From Class: ClassName=Sheet1 Member=A21
Removed Member From Class: ClassName=Sheet1 Member=A22
Removed Member From Class: ClassName=Sheet1 Member=A23
Removed Member From Class: ClassName=Sheet1 Member=A24
Removed Member From Class: ClassName=Sheet1 Member=A25
Removed Member From Class: ClassName=Sheet1 Member=A26
Removed Member From Class: ClassName=Sheet1 Member=A27
Removed Member From Class: ClassName=Sheet1 Member=A28
Removed Member From Class: ClassName=Sheet1 Member=A29
Removed Member From Class: ClassName=Sheet1 Member=A30
Removed Member From Class: ClassName=Sheet1 Member=A31
Removed Member From Class: ClassName=Sheet1 Member=AISENSE
Removed Member From Class: ClassName=Sheet1 Member=DO0
Removed Member From Class: ClassName=Sheet1 Member=GND
Removed Member From Class: ClassName=Sheet1 Member=PFIO
Change Component Designator: OldDesignator=A16 NewDesignator=COM
Change Component Designator: OldDesignator=A17 NewDesignator=NC
Added Pin To Net: NetName=GND Pin=COM-1
Added Pin To Net: NetName=A8 Pin=J41-11
Added Pin To Net: NetName=A9 Pin=J41-12
Added Pin To Net: NetName=A10 Pin=J41-13
Added Pin To Net: NetName=A11 Pin=J41-14
Added Pin To Net: NetName=A12 Pin=J41-15
Added Pin To Net: NetName=A13 Pin=J41-16
Added Pin To Net: NetName=A14 Pin=J41-17
Added Pin To Net: NetName=Z15 Pin=J41-18
Added Pin To Net: NetName=GND Pin=J41-19
Added Pin To Net: NetName=GND Pin=J41-20
Added Pin To Net: NetName=GND Pin=J41-21
Added Pin To Net: NetName=GND Pin=J41-22
Added Pin To Net: NetName=GND Pin=J41-23
Added Pin To Net: NetName=GND Pin=J41-24
Added Pin To Net: NetName=GND Pin=J41-25
Added Pin To Net: NetName=GND Pin=J41-26
Added Pin To Net: NetName=GND Pin=J41-27
Added Pin To Net: NetName=GND Pin=J41-30
Added Pin To Net: NetName=GND Pin=J41-31
Added Pin To Net: NetName=GND Pin=J41-32
Added Pin To Net: NetName=GND Pin=J41-33
Added Pin To Net: NetName=GND Pin=J41-34
Added Pin To Net: NetName=GND Pin=J41-35
Added Pin To Net: NetName=GND Pin=J41-36
Added Pin To Net: NetName=GND Pin=J41-37
Change Net Name : Old Net Name=Z15 New Net Name=A15
Added Pin To Net: NetName=NC Pin=J41-9
Added Pin To Net: NetName=NC Pin=J41-10
Added Pin To Net: NetName=NC Pin=J41-28
Added Pin To Net: NetName=NC Pin=J41-29
Added Pin To Net: NetName=NC Pin=NC-1
Added Net: Name=NC
Added Room: Name=Sheet1
